app/build/intermediates/manifest_merge_blame_file/prodDebug/manifest-merger-blame-prod-debug-report.txt
1<?xml version="1.0" encoding="utf-8"?>
2<manifest xmlns:android="http://schemas.android.com/apk/res/android"
3    package="com.intellihealth.truemeds"
4    android:versionCode="732"
5    android:versionName="7.2.0" >
6
7    <uses-sdk
7-->src/main/AndroidManifest.xml:6:5-68
8        android:minSdkVersion="21"
8-->src/main/AndroidManifest.xml:6:5-68
9        android:targetSdkVersion="34" />
9-->src/main/AndroidManifest.xml:6:5-68
10
11    <uses-permission android:name="android.permission.READ_PHONE_STATE" />
11-->src/main/AndroidManifest.xml:8:5-75
11-->src/main/AndroidManifest.xml:8:22-72
12    <uses-permission android:name="android.permission.SYSTEM_ALERT_WINDOW" />
12-->src/main/AndroidManifest.xml:9:5-78
12-->src/main/AndroidManifest.xml:9:22-75
13    <uses-permission android:name="android.permission.INTERNET" />
13-->src/main/AndroidManifest.xml:10:5-67
13-->src/main/AndroidManifest.xml:10:22-64
14    <uses-permission android:name="android.permission.ACCESS_NETWORK_STATE" />
14-->src/main/AndroidManifest.xml:11:5-79
14-->src/main/AndroidManifest.xml:11:22-76
15    <uses-permission android:name="android.permission.ACCESS_WIFI_STATE" />
15-->src/main/AndroidManifest.xml:12:5-76
15-->src/main/AndroidManifest.xml:12:22-73
16    <uses-permission android:name="android.permission.CAMERA" />
16-->src/main/AndroidManifest.xml:13:5-65
16-->src/main/AndroidManifest.xml:13:22-62
17    <uses-permission android:name="android.permission.WRITE_EXTERNAL_STORAGE" />
17-->src/main/AndroidManifest.xml:14:5-16:32
17-->src/main/AndroidManifest.xml:15:9-65
18    <uses-permission android:name="android.permission.READ_EXTERNAL_STORAGE" />
18-->src/main/AndroidManifest.xml:17:5-80
18-->src/main/AndroidManifest.xml:17:22-77
19    <uses-permission android:name="android.permission.READ_CONTACTS" />
19-->src/main/AndroidManifest.xml:18:5-72
19-->src/main/AndroidManifest.xml:18:22-69
20    <uses-permission android:name="android.permission.WRITE_CONTACTS" />
20-->src/main/AndroidManifest.xml:19:5-73
20-->src/main/AndroidManifest.xml:19:22-70
21    <uses-permission android:name="android.permission.VIBRATE" />
21-->src/main/AndroidManifest.xml:20:5-66
21-->src/main/AndroidManifest.xml:20:22-63
22    <uses-permission android:name="android.permission.CALL_PHONE" />
22-->src/main/AndroidManifest.xml:21:5-69
22-->src/main/AndroidManifest.xml:21:22-66
23    <uses-permission android:name="android.permission.FOREGROUND_SERVICE" />
23-->src/main/AndroidManifest.xml:22:5-77
23-->src/main/AndroidManifest.xml:22:22-74
24    <uses-permission android:name="BIND_GET_INSTALL_REFERRER_SERVICE" />
24-->src/main/AndroidManifest.xml:23:5-73
24-->src/main/AndroidManifest.xml:23:22-70
25    <uses-permission android:name="android.permission.ACCESS_FINE_LOCATION" />
25-->src/main/AndroidManifest.xml:24:5-79
25-->src/main/AndroidManifest.xml:24:22-76
26    <uses-permission android:name="android.permission.ACCESS_COARSE_LOCATION" />
26-->src/main/AndroidManifest.xml:25:5-81
26-->src/main/AndroidManifest.xml:25:22-78
27    <uses-permission android:name="com.google.android.gms.permission.AD_ID" />
27-->src/main/AndroidManifest.xml:26:5-79
27-->src/main/AndroidManifest.xml:26:22-76
28    <uses-permission android:name="com.intellihealth.truemeds.permission.MIPUSH_RECEIVE" />
28-->src/main/AndroidManifest.xml:27:5-92
28-->src/main/AndroidManifest.xml:27:22-89
29
30    <uses-feature android:name="android.hardware.camera" />
30-->src/main/AndroidManifest.xml:29:5-60
30-->src/main/AndroidManifest.xml:29:19-57
31    <uses-feature android:name="android.hardware.camera.autofocus" />
31-->src/main/AndroidManifest.xml:30:5-70
31-->src/main/AndroidManifest.xml:30:19-67
32    <uses-feature
32-->src/main/AndroidManifest.xml:31:5-33:36
33        android:name="android.hardware.telephony"
33-->src/main/AndroidManifest.xml:32:9-50
34        android:required="false" />
34-->src/main/AndroidManifest.xml:33:9-33
35
36    <permission
37        android:name="com.intellihealth.truemeds.permission.MIPUSH_RECEIVE"
37-->src/main/AndroidManifest.xml:36:9-66
38        android:protectionLevel="signature" />
38-->src/main/AndroidManifest.xml:37:9-44
39
40    <uses-permission android:name="com.truecaller.permission.sdk.internal.read_account_state" />
40-->[truecallersdk-3.0.0-releasePartner.aar] AndroidManifest.xml:38:5-97
40-->[truecallersdk-3.0.0-releasePartner.aar] AndroidManifest.xml:38:22-94
41    <!--
42         To resolve package visibility issue on Android 11 & above with targetSdkVersion >=30, <queries> element
43         needs to be added with the package name
44    -->
45    <queries>
45-->[truecallersdk-3.0.0-releasePartner.aar] AndroidManifest.xml:44:5-47:15
46        <package android:name="com.truecaller" />
46-->[truecallersdk-3.0.0-releasePartner.aar] AndroidManifest.xml:45:9-50
46-->[truecallersdk-3.0.0-releasePartner.aar] AndroidManifest.xml:45:18-47
47        <package android:name="com.truecaller.debug" />
47-->[truecallersdk-3.0.0-releasePartner.aar] AndroidManifest.xml:46:9-56
47-->[truecallersdk-3.0.0-releasePartner.aar] AndroidManifest.xml:46:18-53
48
49        <intent>
49-->[com.github.chuckerteam.chucker:library:3.5.2] AndroidManifest.xml:8:9-12:18
50            <action android:name="android.intent.action.CREATE_DOCUMENT" />
50-->[com.github.chuckerteam.chucker:library:3.5.2] AndroidManifest.xml:9:13-76
50-->[com.github.chuckerteam.chucker:library:3.5.2] AndroidManifest.xml:9:21-73
51
52            <data android:mimeType="*/*" />
52-->src/main/AndroidManifest.xml:199:17-51
53        </intent>
54        <intent>
54-->[com.cashfree.pg:core:2.1.13] AndroidManifest.xml:20:9-26:18
55            <action android:name="android.intent.action.VIEW" />
55-->src/main/AndroidManifest.xml:201:17-69
55-->src/main/AndroidManifest.xml:201:25-66
56
57            <data
57-->src/main/AndroidManifest.xml:199:17-51
58                android:host="pay"
58-->src/main/AndroidManifest.xml:221:21-55
59                android:scheme="upi" />
59-->src/main/AndroidManifest.xml:199:23-48
60        </intent>
61
62        <package android:name="com.android.chrome" />
62-->[com.cashfree.pg:core:2.1.13] AndroidManifest.xml:28:9-54
62-->[com.cashfree.pg:core:2.1.13] AndroidManifest.xml:28:18-51
63        <package android:name="com.facebook.katana" />
63-->[com.facebook.android:facebook-common:17.0.0] AndroidManifest.xml:18:9-55
63-->[com.facebook.android:facebook-common:17.0.0] AndroidManifest.xml:18:18-52
64
65        <intent>
65-->[com.appsflyer:af-android-sdk:6.13.0] AndroidManifest.xml:12:9-14:18
66            <action android:name="com.appsflyer.referrer.INSTALL_PROVIDER" />
66-->[com.appsflyer:af-android-sdk:6.13.0] AndroidManifest.xml:13:13-78
66-->[com.appsflyer:af-android-sdk:6.13.0] AndroidManifest.xml:13:21-75
67        </intent>
68
69        <package android:name="com.instagram.android" />
69-->[com.appsflyer:af-android-sdk:6.13.0] AndroidManifest.xml:20:9-57
69-->[com.appsflyer:af-android-sdk:6.13.0] AndroidManifest.xml:20:18-54
70    </queries>
71
72    <uses-permission
72-->[com.cashfree.pg:ui:2.1.13] AndroidManifest.xml:11:5-13:36
73        android:name="android.permission.NFC"
73-->[com.cashfree.pg:ui:2.1.13] AndroidManifest.xml:12:9-46
74        android:required="false" />
74-->[com.cashfree.pg:ui:2.1.13] AndroidManifest.xml:13:9-33
75
76    <uses-feature
76-->[com.cashfree.pg:core:2.1.13] AndroidManifest.xml:15:5-17:36
77        android:name="android.hardware.nfc"
77-->[com.cashfree.pg:core:2.1.13] AndroidManifest.xml:16:9-44
78        android:required="false" /> <!-- Required runtime permission to display notifications on Android 13 -->
78-->[com.cashfree.pg:core:2.1.13] AndroidManifest.xml:17:9-33
79    <uses-permission android:name="android.permission.POST_NOTIFICATIONS" /> <!-- It's a normal permission required in android 9 pie -->
79-->[com.clevertap.android:clevertap-android-sdk:6.2.1] AndroidManifest.xml:7:5-77
79-->[com.clevertap.android:clevertap-android-sdk:6.2.1] AndroidManifest.xml:7:22-74
80    <!-- <uses-permission android:name="android.permission.FOREGROUND_SERVICE"/> -->
81    <!-- It's a normal permission required for JobIntentService -->
82    <uses-permission android:name="android.permission.WAKE_LOCK" /> <!-- Required by older versions of Google Play services to create IID tokens -->
82-->[com.userexperior:userexperior-android:7.3.1] AndroidManifest.xml:16:5-68
82-->[com.userexperior:userexperior-android:7.3.1] AndroidManifest.xml:16:22-65
83    <uses-permission android:name="com.google.android.c2dm.permission.RECEIVE" />
83-->[com.google.firebase:firebase-messaging:24.0.0] AndroidManifest.xml:26:5-82
83-->[com.google.firebase:firebase-messaging:24.0.0] AndroidManifest.xml:26:22-79
84    <uses-permission android:name="com.intellihealth.truemeds.DYNAMIC_RECEIVER_NOT_EXPORTED_PERMISSION" />
84-->[com.google.android.gms:play-services-analytics-impl:18.1.0] AndroidManifest.xml:12:5-97
84-->[com.google.android.gms:play-services-analytics-impl:18.1.0] AndroidManifest.xml:12:22-94
85    <uses-permission android:name="com.google.android.finsky.permission.BIND_GET_INSTALL_REFERRER_SERVICE" />
85-->[com.google.android.gms:play-services-measurement:22.0.2] AndroidManifest.xml:26:5-110
85-->[com.google.android.gms:play-services-measurement:22.0.2] AndroidManifest.xml:26:22-107
86    <uses-permission android:name="android.permission.ACCESS_ADSERVICES_ATTRIBUTION" />
86-->[com.google.android.gms:play-services-measurement-api:22.0.2] AndroidManifest.xml:26:5-88
86-->[com.google.android.gms:play-services-measurement-api:22.0.2] AndroidManifest.xml:26:22-85
87    <uses-permission android:name="android.permission.ACCESS_ADSERVICES_AD_ID" />
87-->[com.google.android.gms:play-services-measurement-api:22.0.2] AndroidManifest.xml:27:5-82
87-->[com.google.android.gms:play-services-measurement-api:22.0.2] AndroidManifest.xml:27:22-79
88    <uses-permission android:name="android.permission.RECEIVE_BOOT_COMPLETED" />
88-->[androidx.work:work-runtime:2.7.1] AndroidManifest.xml:27:5-81
88-->[androidx.work:work-runtime:2.7.1] AndroidManifest.xml:27:22-78
89
90    <permission
90-->[androidx.core:core:1.9.0] AndroidManifest.xml:22:5-24:47
91        android:name="com.intellihealth.truemeds.DYNAMIC_RECEIVER_NOT_EXPORTED_PERMISSION"
91-->[androidx.core:core:1.9.0] AndroidManifest.xml:23:9-81
92        android:protectionLevel="signature" />
92-->[androidx.core:core:1.9.0] AndroidManifest.xml:24:9-44
93
94    <uses-permission android:name="com.android.vending.CHECK_LICENSE" />
94-->[com.appsflyer:lvl:6.13.0] AndroidManifest.xml:9:5-73
94-->[com.appsflyer:lvl:6.13.0] AndroidManifest.xml:9:22-70
95
96    <application
96-->src/main/AndroidManifest.xml:40:5-499:19
97        android:name="com.intellihealth.truemeds.app.ApplicationClass"
97-->src/main/AndroidManifest.xml:41:9-45
98        android:allowBackup="true"
98-->src/main/AndroidManifest.xml:42:9-35
99        android:appComponentFactory="androidx.core.app.CoreComponentFactory"
99-->[androidx.core:core:1.9.0] AndroidManifest.xml:28:18-86
100        android:configChanges="orientation"
100-->src/main/AndroidManifest.xml:43:9-44
101        android:debuggable="true"
102        android:fullBackupContent="@xml/backup_descriptor"
102-->src/main/AndroidManifest.xml:44:9-59
103        android:hardwareAccelerated="true"
103-->src/main/AndroidManifest.xml:45:9-43
104        android:icon="@mipmap/ic_launcher"
104-->src/main/AndroidManifest.xml:46:9-43
105        android:label="@string/app_name"
105-->src/main/AndroidManifest.xml:47:9-41
106        android:largeHeap="true"
106-->src/main/AndroidManifest.xml:48:9-33
107        android:roundIcon="@mipmap/ic_launcher_round"
107-->src/main/AndroidManifest.xml:49:9-54
108        android:supportsRtl="true"
108-->src/main/AndroidManifest.xml:50:9-35
109        android:testOnly="true"
110        android:theme="@style/AppTheme"
110-->src/main/AndroidManifest.xml:51:9-40
111        android:usesCleartextTraffic="true" >
111-->src/main/AndroidManifest.xml:52:9-44
112        <activity
112-->src/main/AndroidManifest.xml:58:9-61:52
113            android:name="com.intellihealth.truemeds.presentation.activity.SubstitutesActivity"
113-->src/main/AndroidManifest.xml:59:13-70
114            android:exported="false"
114-->src/main/AndroidManifest.xml:60:13-37
115            android:screenOrientation="portrait" />
115-->src/main/AndroidManifest.xml:61:13-49
116        <activity
116-->src/main/AndroidManifest.xml:63:9-66:52
117            android:name="com.intellihealth.truemeds.presentation.activity.OtcCategoryActivity"
117-->src/main/AndroidManifest.xml:64:13-70
118            android:exported="false"
118-->src/main/AndroidManifest.xml:65:13-37
119            android:screenOrientation="portrait" />
119-->src/main/AndroidManifest.xml:66:13-49
120        <activity
120-->src/main/AndroidManifest.xml:68:9-71:52
121            android:name="com.intellihealth.truemeds.presentation.activity.CartActivity"
121-->src/main/AndroidManifest.xml:69:13-63
122            android:exported="false"
122-->src/main/AndroidManifest.xml:70:13-37
123            android:screenOrientation="portrait" />
123-->src/main/AndroidManifest.xml:71:13-49
124        <activity
124-->src/main/AndroidManifest.xml:73:9-76:52
125            android:name="com.intellihealth.truemeds.presentation.activity.PaymentActivity"
125-->src/main/AndroidManifest.xml:74:13-66
126            android:exported="false"
126-->src/main/AndroidManifest.xml:75:13-37
127            android:screenOrientation="portrait" />
127-->src/main/AndroidManifest.xml:76:13-49
128        <activity
128-->src/main/AndroidManifest.xml:77:9-79:40
129            android:name="com.intellihealth.truemeds.presentation.activity.WebBrowser"
129-->src/main/AndroidManifest.xml:78:13-61
130            android:exported="false" />
130-->src/main/AndroidManifest.xml:79:13-37
131        <activity
131-->src/main/AndroidManifest.xml:80:9-82:40
132            android:name="com.intellihealth.truemeds.presentation.activity.ReturnRefundWebViewActivity"
132-->src/main/AndroidManifest.xml:81:13-78
133            android:exported="false" />
133-->src/main/AndroidManifest.xml:82:13-37
134        <activity
134-->src/main/AndroidManifest.xml:84:9-88:71
135            android:name="com.intellihealth.truemeds.presentation.activity.WalletActivity"
135-->src/main/AndroidManifest.xml:85:13-65
136            android:exported="true"
136-->src/main/AndroidManifest.xml:86:13-36
137            android:screenOrientation="portrait"
137-->src/main/AndroidManifest.xml:87:13-49
138            android:windowSoftInputMode="stateVisible|adjustResize" />
138-->src/main/AndroidManifest.xml:88:13-68
139        <activity
139-->src/main/AndroidManifest.xml:90:9-95:52
140            android:name="com.intellihealth.truemeds.presentation.activity.CouponActivity"
140-->src/main/AndroidManifest.xml:91:13-65
141            android:configChanges="orientation"
141-->src/main/AndroidManifest.xml:92:13-48
142            android:exported="true"
142-->src/main/AndroidManifest.xml:93:13-36
143            android:launchMode="singleTop"
143-->src/main/AndroidManifest.xml:94:13-43
144            android:screenOrientation="portrait" />
144-->src/main/AndroidManifest.xml:95:13-49
145        <activity
145-->src/main/AndroidManifest.xml:97:9-101:15
146            android:name="com.intellihealth.truemeds.presentation.activity.EditProfileActivity"
146-->src/main/AndroidManifest.xml:98:13-70
147            android:exported="true"
147-->src/main/AndroidManifest.xml:99:13-36
148            android:screenOrientation="portrait" />
148-->src/main/AndroidManifest.xml:100:13-49
149        <activity
149-->src/main/AndroidManifest.xml:103:9-107:58
150            android:name="com.intellihealth.truemeds.presentation.activity.AddAddressActivity"
150-->src/main/AndroidManifest.xml:104:13-69
151            android:exported="true"
151-->src/main/AndroidManifest.xml:105:13-36
152            android:screenOrientation="portrait"
152-->src/main/AndroidManifest.xml:106:13-49
153            android:windowSoftInputMode="adjustResize" />
153-->src/main/AndroidManifest.xml:107:13-55
154        <activity
154-->src/main/AndroidManifest.xml:109:9-112:52
155            android:name="com.intellihealth.truemeds.presentation.activity.PolicyDetailActivity"
155-->src/main/AndroidManifest.xml:110:13-71
156            android:exported="true"
156-->src/main/AndroidManifest.xml:111:13-36
157            android:screenOrientation="portrait" />
157-->src/main/AndroidManifest.xml:112:13-49
158        <activity
158-->src/main/AndroidManifest.xml:114:9-117:52
159            android:name="com.intellihealth.truemeds.presentation.activity.PoliciesPageActivity"
159-->src/main/AndroidManifest.xml:115:13-71
160            android:exported="true"
160-->src/main/AndroidManifest.xml:116:13-36
161            android:screenOrientation="portrait" />
161-->src/main/AndroidManifest.xml:117:13-49
162        <activity
162-->src/main/AndroidManifest.xml:119:9-122:52
163            android:name="com.intellihealth.truemeds.presentation.activity.SearchSuggestionActivity"
163-->src/main/AndroidManifest.xml:120:13-75
164            android:exported="false"
164-->src/main/AndroidManifest.xml:121:13-37
165            android:screenOrientation="portrait" />
165-->src/main/AndroidManifest.xml:122:13-49
166        <activity
166-->src/main/AndroidManifest.xml:124:9-127:52
167            android:name="com.intellihealth.truemeds.presentation.activity.SearchResultActivity"
167-->src/main/AndroidManifest.xml:125:13-71
168            android:exported="false"
168-->src/main/AndroidManifest.xml:126:13-37
169            android:screenOrientation="portrait" />
169-->src/main/AndroidManifest.xml:127:13-49
170        <activity
170-->src/main/AndroidManifest.xml:129:9-132:52
171            android:name="com.intellihealth.truemeds.presentation.activity.ManagePatientActivity"
171-->src/main/AndroidManifest.xml:130:13-72
172            android:exported="false"
172-->src/main/AndroidManifest.xml:131:13-37
173            android:screenOrientation="portrait" />
173-->src/main/AndroidManifest.xml:132:13-49
174        <activity
174-->src/main/AndroidManifest.xml:134:9-140:15
175            android:name="com.intellihealth.truemeds.presentation.activity.LoginActivity"
175-->src/main/AndroidManifest.xml:135:13-64
176            android:exported="false"
176-->src/main/AndroidManifest.xml:136:13-37
177            android:fitsSystemWindows="true"
177-->src/main/AndroidManifest.xml:137:13-45
178            android:screenOrientation="portrait"
178-->src/main/AndroidManifest.xml:138:13-49
179            android:windowSoftInputMode="adjustResize" />
179-->src/main/AndroidManifest.xml:139:13-55
180
181        <!-- //this is working -->
182        <!--
183            <activity
184            android:name=".presentation.activity.LoginActivity"
185            android:exported="false"
186            android:screenOrientation="portrait"
187            android:windowSoftInputMode="adjustResize" />
188        -->
189
190        <activity
190-->src/main/AndroidManifest.xml:150:9-153:52
191            android:name="com.intellihealth.truemeds.presentation.activity.HomePageActivity"
191-->src/main/AndroidManifest.xml:151:13-67
192            android:exported="false"
192-->src/main/AndroidManifest.xml:152:13-37
193            android:screenOrientation="portrait" />
193-->src/main/AndroidManifest.xml:153:13-49
194        <activity
194-->src/main/AndroidManifest.xml:155:9-158:52
195            android:name="com.intellihealth.truemeds.presentation.activity.ReferAndEarnActivity"
195-->src/main/AndroidManifest.xml:156:13-71
196            android:exported="true"
196-->src/main/AndroidManifest.xml:157:13-36
197            android:screenOrientation="portrait" />
197-->src/main/AndroidManifest.xml:158:13-49
198        <activity
198-->src/main/AndroidManifest.xml:160:9-163:52
199            android:name="com.intellihealth.truemeds.presentation.activity.FaqViewAllActivity"
199-->src/main/AndroidManifest.xml:161:13-69
200            android:exported="true"
200-->src/main/AndroidManifest.xml:162:13-36
201            android:screenOrientation="portrait" />
201-->src/main/AndroidManifest.xml:163:13-49
202        <activity
202-->src/main/AndroidManifest.xml:165:9-168:52
203            android:name="com.intellihealth.truemeds.presentation.activity.BaseActivity"
203-->src/main/AndroidManifest.xml:166:13-63
204            android:exported="false"
204-->src/main/AndroidManifest.xml:167:13-37
205            android:screenOrientation="portrait" />
205-->src/main/AndroidManifest.xml:168:13-49
206        <activity
206-->src/main/AndroidManifest.xml:170:9-173:52
207            android:name="com.intellihealth.truemeds.presentation.activity.PatientReminderActivity"
207-->src/main/AndroidManifest.xml:171:13-74
208            android:exported="true"
208-->src/main/AndroidManifest.xml:172:13-36
209            android:screenOrientation="portrait" />
209-->src/main/AndroidManifest.xml:173:13-49
210        <activity
210-->src/main/AndroidManifest.xml:175:9-179:52
211            android:name="com.intellihealth.truemeds.presentation.activity.ProductDetailActivity"
211-->src/main/AndroidManifest.xml:176:13-72
212            android:configChanges="uiMode"
212-->src/main/AndroidManifest.xml:178:13-43
213            android:exported="true"
213-->src/main/AndroidManifest.xml:177:13-36
214            android:screenOrientation="portrait" />
214-->src/main/AndroidManifest.xml:179:13-49
215        <activity
215-->src/main/AndroidManifest.xml:181:9-184:52
216            android:name="com.intellihealth.truemeds.presentation.activity.OrderStatusActivity"
216-->src/main/AndroidManifest.xml:182:13-70
217            android:exported="true"
217-->src/main/AndroidManifest.xml:183:13-36
218            android:screenOrientation="portrait" />
218-->src/main/AndroidManifest.xml:184:13-49
219        <activity
219-->src/main/AndroidManifest.xml:186:9-249:20
220            android:name="com.intellihealth.truemeds.presentation.activity.SplashScreen"
220-->src/main/AndroidManifest.xml:187:13-63
221            android:exported="true"
221-->src/main/AndroidManifest.xml:188:13-36
222            android:launchMode="singleTop"
222-->src/main/AndroidManifest.xml:189:13-43
223            android:screenOrientation="portrait"
223-->src/main/AndroidManifest.xml:190:13-49
224            android:windowSoftInputMode="adjustResize" >
224-->src/main/AndroidManifest.xml:191:13-55
225            <intent-filter>
225-->src/main/AndroidManifest.xml:193:13-197:29
226                <action android:name="android.intent.action.MAIN" />
226-->src/main/AndroidManifest.xml:194:17-69
226-->src/main/AndroidManifest.xml:194:25-66
227
228                <category android:name="android.intent.category.LAUNCHER" />
228-->src/main/AndroidManifest.xml:196:17-77
228-->src/main/AndroidManifest.xml:196:27-74
229            </intent-filter>
230            <intent-filter>
230-->src/main/AndroidManifest.xml:198:13-205:29
231                <data android:scheme="truemeds" />
231-->src/main/AndroidManifest.xml:199:17-51
231-->src/main/AndroidManifest.xml:199:23-48
232
233                <action android:name="android.intent.action.VIEW" />
233-->src/main/AndroidManifest.xml:201:17-69
233-->src/main/AndroidManifest.xml:201:25-66
234
235                <category android:name="android.intent.category.DEFAULT" />
235-->src/main/AndroidManifest.xml:203:17-76
235-->src/main/AndroidManifest.xml:203:27-73
236                <category android:name="android.intent.category.BROWSABLE" />
236-->src/main/AndroidManifest.xml:204:17-78
236-->src/main/AndroidManifest.xml:204:27-75
237            </intent-filter>
238            <intent-filter>
238-->src/main/AndroidManifest.xml:206:13-213:29
239                <data android:scheme="truemedsapp" />
239-->src/main/AndroidManifest.xml:199:17-51
239-->src/main/AndroidManifest.xml:199:23-48
240
241                <action android:name="android.intent.action.VIEW" />
241-->src/main/AndroidManifest.xml:201:17-69
241-->src/main/AndroidManifest.xml:201:25-66
242
243                <category android:name="android.intent.category.DEFAULT" />
243-->src/main/AndroidManifest.xml:203:17-76
243-->src/main/AndroidManifest.xml:203:27-73
244                <category android:name="android.intent.category.BROWSABLE" />
244-->src/main/AndroidManifest.xml:204:17-78
244-->src/main/AndroidManifest.xml:204:27-75
245            </intent-filter>
246            <intent-filter android:autoVerify="true" >
246-->src/main/AndroidManifest.xml:214:13-223:29
246-->src/main/AndroidManifest.xml:214:28-53
247                <action android:name="android.intent.action.VIEW" />
247-->src/main/AndroidManifest.xml:201:17-69
247-->src/main/AndroidManifest.xml:201:25-66
248
249                <category android:name="android.intent.category.DEFAULT" />
249-->src/main/AndroidManifest.xml:203:17-76
249-->src/main/AndroidManifest.xml:203:27-73
250                <category android:name="android.intent.category.BROWSABLE" />
250-->src/main/AndroidManifest.xml:204:17-78
250-->src/main/AndroidManifest.xml:204:27-75
251
252                <data
252-->src/main/AndroidManifest.xml:199:17-51
253                    android:host="truemeds.onelink.me"
253-->src/main/AndroidManifest.xml:221:21-55
254                    android:scheme="https" />
254-->src/main/AndroidManifest.xml:199:23-48
255            </intent-filter>
256            <intent-filter android:autoVerify="true" >
256-->src/main/AndroidManifest.xml:225:13-234:29
256-->src/main/AndroidManifest.xml:225:28-53
257                <action android:name="android.intent.action.VIEW" />
257-->src/main/AndroidManifest.xml:201:17-69
257-->src/main/AndroidManifest.xml:201:25-66
258
259                <category android:name="android.intent.category.DEFAULT" />
259-->src/main/AndroidManifest.xml:203:17-76
259-->src/main/AndroidManifest.xml:203:27-73
260                <category android:name="android.intent.category.BROWSABLE" />
260-->src/main/AndroidManifest.xml:204:17-78
260-->src/main/AndroidManifest.xml:204:27-75
261
262                <data
262-->src/main/AndroidManifest.xml:199:17-51
263                    android:host="truemedsotc.onelink.me"
263-->src/main/AndroidManifest.xml:221:21-55
264                    android:scheme="https" />
264-->src/main/AndroidManifest.xml:199:23-48
265            </intent-filter>
266            <intent-filter android:autoVerify="true" >
266-->src/main/AndroidManifest.xml:236:13-247:29
266-->src/main/AndroidManifest.xml:236:28-53
267                <action android:name="android.intent.action.VIEW" />
267-->src/main/AndroidManifest.xml:201:17-69
267-->src/main/AndroidManifest.xml:201:25-66
268
269                <category android:name="android.intent.category.DEFAULT" />
269-->src/main/AndroidManifest.xml:203:17-76
269-->src/main/AndroidManifest.xml:203:27-73
270                <category android:name="android.intent.category.BROWSABLE" />
270-->src/main/AndroidManifest.xml:204:17-78
270-->src/main/AndroidManifest.xml:204:27-75
271
272                <data
272-->src/main/AndroidManifest.xml:199:17-51
273                    android:host="@string/firebase_payment_link_domain"
273-->src/main/AndroidManifest.xml:221:21-55
274                    android:scheme="https" />
274-->src/main/AndroidManifest.xml:199:23-48
275            </intent-filter>
276        </activity>
277        <activity
277-->src/main/AndroidManifest.xml:251:9-254:52
278            android:name="com.intellihealth.truemeds.presentation.activity.NonActiveOrderStatusActivity"
278-->src/main/AndroidManifest.xml:252:13-79
279            android:exported="false"
279-->src/main/AndroidManifest.xml:253:13-37
280            android:screenOrientation="portrait" />
280-->src/main/AndroidManifest.xml:254:13-49
281        <activity
281-->src/main/AndroidManifest.xml:256:9-259:52
282            android:name="com.intellihealth.truemeds.presentation.activity.HelpActivity"
282-->src/main/AndroidManifest.xml:257:13-63
283            android:exported="false"
283-->src/main/AndroidManifest.xml:258:13-37
284            android:screenOrientation="portrait" />
284-->src/main/AndroidManifest.xml:259:13-49
285        <activity
285-->src/main/AndroidManifest.xml:261:9-264:52
286            android:name="com.intellihealth.truemeds.presentation.activity.HelpSubCategoryActivity"
286-->src/main/AndroidManifest.xml:262:13-74
287            android:exported="false"
287-->src/main/AndroidManifest.xml:263:13-37
288            android:screenOrientation="portrait" />
288-->src/main/AndroidManifest.xml:264:13-49
289        <activity
289-->src/main/AndroidManifest.xml:266:9-269:52
290            android:name="com.intellihealth.truemeds.presentation.activity.CancelOrderActivity"
290-->src/main/AndroidManifest.xml:267:13-70
291            android:exported="false"
291-->src/main/AndroidManifest.xml:268:13-37
292            android:screenOrientation="portrait" />
292-->src/main/AndroidManifest.xml:269:13-49
293        <activity
293-->src/main/AndroidManifest.xml:271:9-275:58
294            android:name="com.intellihealth.truemeds.presentation.activity.CancelOrderSubActivity"
294-->src/main/AndroidManifest.xml:272:13-73
295            android:exported="false"
295-->src/main/AndroidManifest.xml:273:13-37
296            android:screenOrientation="portrait"
296-->src/main/AndroidManifest.xml:274:13-49
297            android:windowSoftInputMode="adjustResize" />
297-->src/main/AndroidManifest.xml:275:13-55
298        <activity
298-->src/main/AndroidManifest.xml:277:9-280:52
299            android:name="com.intellihealth.truemeds.presentation.activity.HelpSubCategoryDetailActivity"
299-->src/main/AndroidManifest.xml:278:13-80
300            android:exported="false"
300-->src/main/AndroidManifest.xml:279:13-37
301            android:screenOrientation="portrait" />
301-->src/main/AndroidManifest.xml:280:13-49
302        <activity
302-->src/main/AndroidManifest.xml:282:9-285:52